<?xml version="1.0" encoding="UTF-8"?>
<!-- Generated by org.testng.reporters.JUnitReportReporter -->
<testsuite hostname="LAPTOP-3AS9KC87" failures="0" tests="1" name="com.api.tests.CreateBookingTest" time="3.825" errors="0" timestamp="2025-01-22T17:11:16 IST" skipped="0">
  <testcase classname="com.api.tests.CreateBookingTest" name="createBookingTest" time="3.825"/>
</testsuite> <!-- com.api.tests.CreateBookingTest -->
