<?xml version="1.0" encoding="UTF-8"?>
<!-- Generated by org.testng.reporters.JUnitReportReporter -->
<testsuite hostname="LAPTOP-3AS9KC87" failures="0" tests="1" name="com.api.tests.GetBookingTest" time="3.707" errors="0" timestamp="2025-01-22T15:56:49 IST" skipped="0">
  <testcase classname="com.api.tests.GetBookingTest" name="getBookingTest" time="3.707"/>
</testsuite> <!-- com.api.tests.GetBookingTest -->
