<?xml version="1.0" encoding="UTF-8"?>
<!-- Generated by org.testng.reporters.JUnitReportReporter -->
<testsuite hostname="LAPTOP-3AS9KC87" failures="0" tests="1" name="com.api.tests.UpdateBookingTest" time="5.114" errors="0" timestamp="2025-01-22T17:12:19 IST" skipped="0">
  <testcase classname="com.api.tests.UpdateBookingTest" name="updateBookingTest" time="5.114"/>
</testsuite> <!-- com.api.tests.UpdateBookingTest -->
