<?xml version="1.0" encoding="UTF-8"?>
<!-- Generated by org.testng.reporters.JUnitReportReporter -->
<testsuite hostname="LAPTOP-3AS9KC87" failures="0" tests="1" name="com.api.tests.CreateBookingTest" time="4.213" errors="0" timestamp="2025-01-22T15:48:09 IST" skipped="0">
  <testcase classname="com.api.tests.CreateBookingTest" name="createBookingTest" time="4.213"/>
</testsuite> <!-- com.api.tests.CreateBookingTest -->
